mode: set
github.com/allieus/pyhub-imagekit/pkg/transform/crop.go:27.50,28.13 1 1
github.com/allieus/pyhub-imagekit/pkg/transform/crop.go:28.13,30.3 1 1
github.com/allieus/pyhub-imagekit/pkg/transform/crop.go:32.2,33.31 2 1
github.com/allieus/pyhub-imagekit/pkg/transform/crop.go:33.31,37.17 3 1
github.com/allieus/pyhub-imagekit/pkg/transform/crop.go:37.17,39.4 1 0
github.com/allieus/pyhub-imagekit/pkg/transform/crop.go:40.3,40.31 1 1
github.com/allieus/pyhub-imagekit/pkg/transform/crop.go:40.31,42.4 1 1
github.com/allieus/pyhub-imagekit/pkg/transform/crop.go:43.3,43.55 1 1
github.com/allieus/pyhub-imagekit/pkg/transform/crop.go:47.2,48.16 2 1
github.com/allieus/pyhub-imagekit/pkg/transform/crop.go:48.16,50.3 1 1
github.com/allieus/pyhub-imagekit/pkg/transform/crop.go:51.2,51.15 1 1
github.com/allieus/pyhub-imagekit/pkg/transform/crop.go:51.15,53.3 1 1
github.com/allieus/pyhub-imagekit/pkg/transform/crop.go:54.2,54.55 1 1
github.com/allieus/pyhub-imagekit/pkg/transform/crop.go:58.54,59.18 1 1
github.com/allieus/pyhub-imagekit/pkg/transform/crop.go:59.18,61.3 1 1
github.com/allieus/pyhub-imagekit/pkg/transform/crop.go:62.2,62.17 1 1
github.com/allieus/pyhub-imagekit/pkg/transform/crop.go:66.79,81.19 10 1
github.com/allieus/pyhub-imagekit/pkg/transform/crop.go:81.19,84.3 1 0
github.com/allieus/pyhub-imagekit/pkg/transform/crop.go:85.2,85.20 1 1
github.com/allieus/pyhub-imagekit/pkg/transform/crop.go:85.20,88.3 1 0
github.com/allieus/pyhub-imagekit/pkg/transform/crop.go:91.2,101.20 3 1
github.com/allieus/pyhub-imagekit/pkg/transform/crop.go:105.82,115.28 7 1
github.com/allieus/pyhub-imagekit/pkg/transform/crop.go:115.28,119.3 2 1
github.com/allieus/pyhub-imagekit/pkg/transform/crop.go:119.8,123.3 2 1
github.com/allieus/pyhub-imagekit/pkg/transform/crop.go:126.2,126.55 1 1
github.com/allieus/pyhub-imagekit/pkg/transform/crop.go:131.59,138.2 1 0
github.com/allieus/pyhub-imagekit/pkg/transform/crop.go:141.82,152.25 7 1
github.com/allieus/pyhub-imagekit/pkg/transform/crop.go:152.25,154.3 1 1
github.com/allieus/pyhub-imagekit/pkg/transform/crop.go:156.2,156.26 1 1
github.com/allieus/pyhub-imagekit/pkg/transform/crop.go:156.26,158.3 1 1
github.com/allieus/pyhub-imagekit/pkg/transform/crop.go:161.2,161.66 1 1
github.com/allieus/pyhub-imagekit/pkg/transform/crop.go:161.67,164.3 0 0
github.com/allieus/pyhub-imagekit/pkg/transform/crop.go:166.2,166.12 1 1
github.com/allieus/pyhub-imagekit/pkg/transform/dimension.go:17.55,18.25 1 0
github.com/allieus/pyhub-imagekit/pkg/transform/dimension.go:18.25,20.3 1 0
github.com/allieus/pyhub-imagekit/pkg/transform/dimension.go:22.2,26.30 3 0
github.com/allieus/pyhub-imagekit/pkg/transform/dimension.go:26.30,30.19 2 0
github.com/allieus/pyhub-imagekit/pkg/transform/dimension.go:30.19,32.4 1 0
github.com/allieus/pyhub-imagekit/pkg/transform/dimension.go:34.3,35.17 2 0
github.com/allieus/pyhub-imagekit/pkg/transform/dimension.go:35.17,37.4 1 0
github.com/allieus/pyhub-imagekit/pkg/transform/dimension.go:40.3,40.22 1 0
github.com/allieus/pyhub-imagekit/pkg/transform/dimension.go:40.22,42.4 1 0
github.com/allieus/pyhub-imagekit/pkg/transform/dimension.go:43.3,43.22 1 0
github.com/allieus/pyhub-imagekit/pkg/transform/dimension.go:43.22,45.4 1 0
github.com/allieus/pyhub-imagekit/pkg/transform/dimension.go:47.3,50.9 1 0
github.com/allieus/pyhub-imagekit/pkg/transform/dimension.go:54.2,55.16 2 0
github.com/allieus/pyhub-imagekit/pkg/transform/dimension.go:55.16,57.3 1 0
github.com/allieus/pyhub-imagekit/pkg/transform/dimension.go:59.2,59.15 1 0
github.com/allieus/pyhub-imagekit/pkg/transform/dimension.go:59.15,61.3 1 0
github.com/allieus/pyhub-imagekit/pkg/transform/dimension.go:63.2,66.8 1 0
github.com/allieus/pyhub-imagekit/pkg/transform/dimension.go:70.57,71.20 1 0
github.com/allieus/pyhub-imagekit/pkg/transform/dimension.go:71.20,75.3 2 0
github.com/allieus/pyhub-imagekit/pkg/transform/dimension.go:76.2,76.16 1 0
github.com/allieus/pyhub-imagekit/pkg/transform/dimension.go:80.39,81.20 1 1
github.com/allieus/pyhub-imagekit/pkg/transform/dimension.go:81.20,83.3 1 0
github.com/allieus/pyhub-imagekit/pkg/transform/dimension.go:84.2,84.21 1 1
github.com/allieus/pyhub-imagekit/pkg/transform/dimension.go:88.41,89.20 1 0
github.com/allieus/pyhub-imagekit/pkg/transform/dimension.go:89.20,91.49 1 0
github.com/allieus/pyhub-imagekit/pkg/transform/dimension.go:91.49,93.4 1 0
github.com/allieus/pyhub-imagekit/pkg/transform/dimension.go:94.3,94.44 1 0
github.com/allieus/pyhub-imagekit/pkg/transform/dimension.go:96.2,96.35 1 0
github.com/allieus/pyhub-imagekit/pkg/transform/dpi.go:25.85,30.2 1 0
github.com/allieus/pyhub-imagekit/pkg/transform/dpi.go:33.55,35.57 1 1
github.com/allieus/pyhub-imagekit/pkg/transform/dpi.go:35.57,37.3 1 0
github.com/allieus/pyhub-imagekit/pkg/transform/dpi.go:40.2,41.27 2 1
github.com/allieus/pyhub-imagekit/pkg/transform/dpi.go:41.27,42.51 1 1
github.com/allieus/pyhub-imagekit/pkg/transform/dpi.go:42.51,52.24 2 0
github.com/allieus/pyhub-imagekit/pkg/transform/dpi.go:52.24,63.5 4 0
github.com/allieus/pyhub-imagekit/pkg/transform/dpi.go:64.4,64.23 1 0
github.com/allieus/pyhub-imagekit/pkg/transform/dpi.go:65.9,65.33 1 1
github.com/allieus/pyhub-imagekit/pkg/transform/dpi.go:65.33,67.4 1 1
github.com/allieus/pyhub-imagekit/pkg/transform/dpi.go:67.9,69.4 1 1
github.com/allieus/pyhub-imagekit/pkg/transform/dpi.go:73.2,73.36 1 1
github.com/allieus/pyhub-imagekit/pkg/transform/dpi.go:77.61,97.2 6 1
github.com/allieus/pyhub-imagekit/pkg/transform/dpi.go:100.54,104.59 2 1
github.com/allieus/pyhub-imagekit/pkg/transform/dpi.go:104.59,106.3 1 0
github.com/allieus/pyhub-imagekit/pkg/transform/dpi.go:109.2,120.24 7 1
github.com/allieus/pyhub-imagekit/pkg/transform/dpi.go:120.24,122.26 1 1
github.com/allieus/pyhub-imagekit/pkg/transform/dpi.go:122.26,123.9 1 0
github.com/allieus/pyhub-imagekit/pkg/transform/dpi.go:126.3,130.39 3 1
github.com/allieus/pyhub-imagekit/pkg/transform/dpi.go:130.39,133.4 2 1
github.com/allieus/pyhub-imagekit/pkg/transform/dpi.go:136.3,136.26 1 1
github.com/allieus/pyhub-imagekit/pkg/transform/dpi.go:136.26,138.28 2 1
github.com/allieus/pyhub-imagekit/pkg/transform/dpi.go:138.28,139.10 1 0
github.com/allieus/pyhub-imagekit/pkg/transform/dpi.go:141.4,141.52 1 1
github.com/allieus/pyhub-imagekit/pkg/transform/dpi.go:144.3,144.28 1 1
github.com/allieus/pyhub-imagekit/pkg/transform/dpi.go:148.2,148.34 1 1
github.com/allieus/pyhub-imagekit/pkg/transform/dpi.go:148.34,151.20 2 0
github.com/allieus/pyhub-imagekit/pkg/transform/dpi.go:151.20,157.4 5 0
github.com/allieus/pyhub-imagekit/pkg/transform/dpi.go:160.2,160.20 1 1
github.com/allieus/pyhub-imagekit/pkg/transform/dpi.go:164.70,183.2 13 1
github.com/allieus/pyhub-imagekit/pkg/transform/dpi.go:186.39,189.27 2 1
github.com/allieus/pyhub-imagekit/pkg/transform/dpi.go:189.27,191.26 2 1
github.com/allieus/pyhub-imagekit/pkg/transform/dpi.go:191.26,192.16 1 1
github.com/allieus/pyhub-imagekit/pkg/transform/dpi.go:192.16,194.5 1 1
github.com/allieus/pyhub-imagekit/pkg/transform/dpi.go:194.10,196.5 1 1
github.com/allieus/pyhub-imagekit/pkg/transform/dpi.go:198.3,198.18 1 1
github.com/allieus/pyhub-imagekit/pkg/transform/dpi.go:201.2,202.25 2 1
github.com/allieus/pyhub-imagekit/pkg/transform/dpi.go:202.25,204.3 1 1
github.com/allieus/pyhub-imagekit/pkg/transform/dpi.go:205.2,205.13 1 1
github.com/allieus/pyhub-imagekit/pkg/transform/dpi.go:209.64,212.43 2 0
github.com/allieus/pyhub-imagekit/pkg/transform/dpi.go:212.43,214.3 1 0
github.com/allieus/pyhub-imagekit/pkg/transform/dpi.go:215.2,217.16 2 0
github.com/allieus/pyhub-imagekit/pkg/transform/dpi.go:218.18,219.26 1 0
github.com/allieus/pyhub-imagekit/pkg/transform/dpi.go:220.17,221.25 1 0
github.com/allieus/pyhub-imagekit/pkg/transform/dpi.go:222.10,223.17 1 0
github.com/allieus/pyhub-imagekit/pkg/transform/dpi.go:228.43,229.57 1 0
github.com/allieus/pyhub-imagekit/pkg/transform/dpi.go:229.57,231.3 1 0
github.com/allieus/pyhub-imagekit/pkg/transform/dpi.go:233.2,234.27 2 0
github.com/allieus/pyhub-imagekit/pkg/transform/dpi.go:234.27,235.51 1 0
github.com/allieus/pyhub-imagekit/pkg/transform/dpi.go:235.51,242.24 1 0
github.com/allieus/pyhub-imagekit/pkg/transform/dpi.go:242.24,245.28 1 0
github.com/allieus/pyhub-imagekit/pkg/transform/dpi.go:245.28,248.6 2 0
github.com/allieus/pyhub-imagekit/pkg/transform/dpi.go:251.3,251.10 1 0
github.com/allieus/pyhub-imagekit/pkg/transform/dpi.go:254.2,254.16 1 0
github.com/allieus/pyhub-imagekit/pkg/transform/dpi.go:258.42,261.59 2 0
github.com/allieus/pyhub-imagekit/pkg/transform/dpi.go:261.59,263.3 1 0
github.com/allieus/pyhub-imagekit/pkg/transform/dpi.go:265.2,266.24 2 0
github.com/allieus/pyhub-imagekit/pkg/transform/dpi.go:266.24,267.26 1 0
github.com/allieus/pyhub-imagekit/pkg/transform/dpi.go:267.26,268.9 1 0
github.com/allieus/pyhub-imagekit/pkg/transform/dpi.go:271.3,274.53 3 0
github.com/allieus/pyhub-imagekit/pkg/transform/dpi.go:274.53,279.17 3 0
github.com/allieus/pyhub-imagekit/pkg/transform/dpi.go:279.17,282.5 2 0
github.com/allieus/pyhub-imagekit/pkg/transform/dpi.go:285.3,285.28 1 0
github.com/allieus/pyhub-imagekit/pkg/transform/dpi.go:288.2,288.16 1 0
github.com/allieus/pyhub-imagekit/pkg/transform/dpi.go:292.79,295.18 2 0
github.com/allieus/pyhub-imagekit/pkg/transform/dpi.go:296.26,297.14 1 0
github.com/allieus/pyhub-imagekit/pkg/transform/dpi.go:298.25,299.21 1 0
github.com/allieus/pyhub-imagekit/pkg/transform/dpi.go:300.22,301.31 1 0
github.com/allieus/pyhub-imagekit/pkg/transform/dpi.go:302.10,303.57 1 0
github.com/allieus/pyhub-imagekit/pkg/transform/dpi.go:307.2,307.16 1 0
github.com/allieus/pyhub-imagekit/pkg/transform/dpi.go:308.26,309.18 1 0
github.com/allieus/pyhub-imagekit/pkg/transform/dpi.go:310.25,311.25 1 0
github.com/allieus/pyhub-imagekit/pkg/transform/dpi.go:312.22,313.35 1 0
github.com/allieus/pyhub-imagekit/pkg/transform/dpi.go:314.10,315.55 1 0
github.com/allieus/pyhub-imagekit/pkg/transform/dpi.go:320.87,323.16 2 1
github.com/allieus/pyhub-imagekit/pkg/transform/dpi.go:323.16,325.3 1 1
github.com/allieus/pyhub-imagekit/pkg/transform/dpi.go:328.2,329.16 2 1
github.com/allieus/pyhub-imagekit/pkg/transform/dpi.go:330.18,331.58 1 1
github.com/allieus/pyhub-imagekit/pkg/transform/dpi.go:332.17,333.29 1 1
github.com/allieus/pyhub-imagekit/pkg/transform/dpi.go:334.10,335.54 1 0
github.com/allieus/pyhub-imagekit/pkg/transform/dpi.go:338.2,338.16 1 1
github.com/allieus/pyhub-imagekit/pkg/transform/dpi.go:338.16,340.3 1 0
github.com/allieus/pyhub-imagekit/pkg/transform/dpi.go:343.2,344.16 2 1
github.com/allieus/pyhub-imagekit/pkg/transform/dpi.go:345.18,346.36 1 1
github.com/allieus/pyhub-imagekit/pkg/transform/dpi.go:347.17,348.35 1 1
github.com/allieus/pyhub-imagekit/pkg/transform/dpi.go:351.2,351.16 1 1
github.com/allieus/pyhub-imagekit/pkg/transform/dpi.go:351.16,353.3 1 0
github.com/allieus/pyhub-imagekit/pkg/transform/dpi.go:356.2,357.12 2 1
github.com/allieus/pyhub-imagekit/pkg/transform/resize.go:11.92,12.31 1 1
github.com/allieus/pyhub-imagekit/pkg/transform/resize.go:12.31,14.3 1 1
github.com/allieus/pyhub-imagekit/pkg/transform/resize.go:16.2,20.14 4 1
github.com/allieus/pyhub-imagekit/pkg/transform/resize.go:21.17,24.31 1 1
github.com/allieus/pyhub-imagekit/pkg/transform/resize.go:24.31,26.4 1 1
github.com/allieus/pyhub-imagekit/pkg/transform/resize.go:26.9,26.38 1 1
github.com/allieus/pyhub-imagekit/pkg/transform/resize.go:26.38,28.4 1 1
github.com/allieus/pyhub-imagekit/pkg/transform/resize.go:28.9,34.27 3 1
github.com/allieus/pyhub-imagekit/pkg/transform/resize.go:34.27,37.5 1 0
github.com/allieus/pyhub-imagekit/pkg/transform/resize.go:37.10,40.5 1 1
github.com/allieus/pyhub-imagekit/pkg/transform/resize.go:43.18,45.80 1 1
github.com/allieus/pyhub-imagekit/pkg/transform/resize.go:47.19,49.17 1 1
github.com/allieus/pyhub-imagekit/pkg/transform/resize.go:49.17,51.4 1 0
github.com/allieus/pyhub-imagekit/pkg/transform/resize.go:52.3,52.18 1 1
github.com/allieus/pyhub-imagekit/pkg/transform/resize.go:52.18,54.4 1 0
github.com/allieus/pyhub-imagekit/pkg/transform/resize.go:55.3,55.66 1 1
github.com/allieus/pyhub-imagekit/pkg/transform/resize.go:57.10,58.62 1 0
github.com/allieus/pyhub-imagekit/pkg/transform/resize.go:63.60,65.2 1 1
github.com/allieus/pyhub-imagekit/pkg/transform/resize.go:68.62,70.2 1 1
github.com/allieus/pyhub-imagekit/pkg/transform/resize.go:73.74,74.21 1 1
github.com/allieus/pyhub-imagekit/pkg/transform/resize.go:74.21,76.3 1 1
github.com/allieus/pyhub-imagekit/pkg/transform/resize.go:78.2,82.60 4 1
github.com/allieus/pyhub-imagekit/pkg/transform/resize.go:86.64,88.2 1 1
github.com/allieus/pyhub-imagekit/pkg/transform/resize.go:91.64,102.28 7 1
github.com/allieus/pyhub-imagekit/pkg/transform/resize.go:102.28,106.3 2 1
github.com/allieus/pyhub-imagekit/pkg/transform/resize.go:106.8,110.3 2 1
github.com/allieus/pyhub-imagekit/pkg/transform/resize.go:113.2,116.64 2 1
github.com/allieus/pyhub-imagekit/pkg/transform/resize.go:140.69,141.16 1 1
github.com/allieus/pyhub-imagekit/pkg/transform/resize.go:142.21,143.33 1 0
github.com/allieus/pyhub-imagekit/pkg/transform/resize.go:144.20,145.24 1 0
github.com/allieus/pyhub-imagekit/pkg/transform/resize.go:146.19,147.28 1 1
github.com/allieus/pyhub-imagekit/pkg/transform/resize.go:148.22,149.35 1 1
github.com/allieus/pyhub-imagekit/pkg/transform/resize.go:150.21,151.14 1 1
github.com/allieus/pyhub-imagekit/pkg/transform/resize.go:152.10,153.25 1 1
github.com/allieus/pyhub-imagekit/pkg/transform/resize.go:158.93,163.19 3 1
github.com/allieus/pyhub-imagekit/pkg/transform/resize.go:164.17,165.61 1 1
github.com/allieus/pyhub-imagekit/pkg/transform/resize.go:166.18,167.78 1 1
github.com/allieus/pyhub-imagekit/pkg/transform/resize.go:168.19,169.64 1 1
github.com/allieus/pyhub-imagekit/pkg/transform/resize.go:170.10,171.67 1 0
github.com/allieus/pyhub-imagekit/pkg/transform/resize.go:175.2,175.18 1 1
github.com/allieus/pyhub-imagekit/pkg/transform/resize.go:175.18,177.3 1 1
github.com/allieus/pyhub-imagekit/pkg/transform/resize.go:179.2,179.20 1 1
github.com/allieus/pyhub-imagekit/pkg/transform/transformer.go:10.94,13.16 2 1
github.com/allieus/pyhub-imagekit/pkg/transform/transformer.go:13.16,15.3 1 1
github.com/allieus/pyhub-imagekit/pkg/transform/transformer.go:18.2,25.16 4 1
github.com/allieus/pyhub-imagekit/pkg/transform/transformer.go:25.16,27.3 1 0
github.com/allieus/pyhub-imagekit/pkg/transform/transformer.go:30.2,31.18 2 1
github.com/allieus/pyhub-imagekit/pkg/transform/transformer.go:31.18,33.3 1 1
github.com/allieus/pyhub-imagekit/pkg/transform/transformer.go:35.2,35.55 1 1
github.com/allieus/pyhub-imagekit/pkg/transform/transformer.go:39.80,42.16 2 1
github.com/allieus/pyhub-imagekit/pkg/transform/transformer.go:42.16,44.3 1 1
github.com/allieus/pyhub-imagekit/pkg/transform/transformer.go:47.2,48.56 2 1
github.com/allieus/pyhub-imagekit/pkg/transform/transformer.go:48.56,50.3 1 0
github.com/allieus/pyhub-imagekit/pkg/transform/transformer.go:53.2,53.79 1 1
github.com/allieus/pyhub-imagekit/pkg/transform/transformer.go:58.99,61.16 2 1
github.com/allieus/pyhub-imagekit/pkg/transform/transformer.go:61.16,63.3 1 1
github.com/allieus/pyhub-imagekit/pkg/transform/transformer.go:66.2,67.78 2 1
github.com/allieus/pyhub-imagekit/pkg/transform/transformer.go:67.78,69.3 1 1
github.com/allieus/pyhub-imagekit/pkg/transform/transformer.go:72.2,73.16 2 1
github.com/allieus/pyhub-imagekit/pkg/transform/transformer.go:73.16,75.3 1 0
github.com/allieus/pyhub-imagekit/pkg/transform/transformer.go:78.2,78.50 1 1
github.com/allieus/pyhub-imagekit/pkg/transform/types.go:70.36,74.2 1 1
github.com/allieus/pyhub-imagekit/pkg/transform/types.go:77.57,81.2 1 0
github.com/allieus/pyhub-imagekit/pkg/transform/utils.go:15.63,18.43 2 1
github.com/allieus/pyhub-imagekit/pkg/transform/utils.go:18.43,20.3 1 0
github.com/allieus/pyhub-imagekit/pkg/transform/utils.go:23.2,29.16 3 1
github.com/allieus/pyhub-imagekit/pkg/transform/utils.go:29.16,33.23 3 1
github.com/allieus/pyhub-imagekit/pkg/transform/utils.go:33.23,35.4 1 1
github.com/allieus/pyhub-imagekit/pkg/transform/utils.go:38.3,39.17 2 0
github.com/allieus/pyhub-imagekit/pkg/transform/utils.go:40.22,41.26 1 0
github.com/allieus/pyhub-imagekit/pkg/transform/utils.go:42.14,43.25 1 0
github.com/allieus/pyhub-imagekit/pkg/transform/utils.go:44.11,45.70 1 0
github.com/allieus/pyhub-imagekit/pkg/transform/utils.go:48.3,48.37 1 0
github.com/allieus/pyhub-imagekit/pkg/transform/utils.go:52.2,54.16 3 1
github.com/allieus/pyhub-imagekit/pkg/transform/utils.go:54.16,56.3 1 0
github.com/allieus/pyhub-imagekit/pkg/transform/utils.go:59.2,60.16 2 1
github.com/allieus/pyhub-imagekit/pkg/transform/utils.go:61.21,62.25 1 1
github.com/allieus/pyhub-imagekit/pkg/transform/utils.go:63.13,64.24 1 1
github.com/allieus/pyhub-imagekit/pkg/transform/utils.go:65.10,66.69 1 0
github.com/allieus/pyhub-imagekit/pkg/transform/utils.go:69.2,69.28 1 1
github.com/allieus/pyhub-imagekit/pkg/transform/utils.go:73.85,74.16 1 1
github.com/allieus/pyhub-imagekit/pkg/transform/utils.go:75.18,79.19 2 1
github.com/allieus/pyhub-imagekit/pkg/transform/utils.go:79.19,81.4 1 0
github.com/allieus/pyhub-imagekit/pkg/transform/utils.go:82.3,82.35 1 1
github.com/allieus/pyhub-imagekit/pkg/transform/utils.go:83.17,84.28 1 1
github.com/allieus/pyhub-imagekit/pkg/transform/utils.go:85.10,86.54 1 0
github.com/allieus/pyhub-imagekit/pkg/transform/utils.go:91.66,99.2 2 1
github.com/allieus/pyhub-imagekit/pkg/transform/utils.go:102.82,107.57 2 1
github.com/allieus/pyhub-imagekit/pkg/transform/utils.go:107.57,110.3 2 0
github.com/allieus/pyhub-imagekit/pkg/transform/utils.go:110.8,114.3 2 1
github.com/allieus/pyhub-imagekit/pkg/transform/utils.go:116.2,116.30 1 1
github.com/allieus/pyhub-imagekit/pkg/transform/utils.go:116.30,118.3 1 1
github.com/allieus/pyhub-imagekit/pkg/transform/utils.go:121.2,121.41 1 1
github.com/allieus/pyhub-imagekit/pkg/transform/utils.go:121.41,122.29 1 1
github.com/allieus/pyhub-imagekit/pkg/transform/utils.go:122.29,127.27 3 1
github.com/allieus/pyhub-imagekit/pkg/transform/utils.go:127.27,130.5 1 1
github.com/allieus/pyhub-imagekit/pkg/transform/utils.go:132.4,132.59 1 0
github.com/allieus/pyhub-imagekit/pkg/transform/utils.go:135.3,135.35 1 1
github.com/allieus/pyhub-imagekit/pkg/transform/utils.go:139.2,139.21 1 1
github.com/allieus/pyhub-imagekit/pkg/transform/utils.go:139.21,142.3 2 1
github.com/allieus/pyhub-imagekit/pkg/transform/utils.go:145.2,145.22 1 1
github.com/allieus/pyhub-imagekit/pkg/transform/utils.go:145.22,148.3 2 1
github.com/allieus/pyhub-imagekit/pkg/transform/utils.go:151.2,151.28 1 0
github.com/allieus/pyhub-imagekit/pkg/transform/utils.go:155.71,156.30 1 1
github.com/allieus/pyhub-imagekit/pkg/transform/utils.go:156.30,158.3 1 1
github.com/allieus/pyhub-imagekit/pkg/transform/utils.go:159.2,159.41 1 1
github.com/allieus/pyhub-imagekit/pkg/transform/utils.go:159.41,161.3 1 1
github.com/allieus/pyhub-imagekit/pkg/transform/utils.go:162.2,162.68 1 1
github.com/allieus/pyhub-imagekit/pkg/transform/utils.go:162.68,164.3 1 1
github.com/allieus/pyhub-imagekit/pkg/transform/utils.go:165.2,165.12 1 1
